Performing C++ SOURCE FILE Test CMAKE_HAVE_LIBC_PTHREAD failed with the following output:
Change Dir: /home/chris241/695TA/solutions/ece695-s21-lab4/CMakeFiles/CMakeTmp

Run Build Command(s):/usr/bin/gmake -f Makefile cmTC_43f27/fast && /usr/bin/gmake  -f CMakeFiles/cmTC_43f27.dir/build.make CMakeFiles/cmTC_43f27.dir/build
gmake[1]: Entering directory `/home/chris241/695TA/solutions/ece695-s21-lab4/CMakeFiles/CMakeTmp'
Building CXX object CMakeFiles/cmTC_43f27.dir/src.cxx.o
/apps/spack/scholar/fall20/apps/gcc/6.3.0-gcc-4.8.5-234aoxy/bin/c++ -DCMAKE_HAVE_LIBC_PTHREAD   -o CMakeFiles/cmTC_43f27.dir/src.cxx.o -c /home/chris241/695TA/solutions/ece695-s21-lab4/CMakeFiles/CMakeTmp/src.cxx
Linking CXX executable cmTC_43f27
/apps/spack/scholar/fall20/apps/cmake/3.20.6-gcc-4.8.5-ezq6lqr/bin/cmake -E cmake_link_script CMakeFiles/cmTC_43f27.dir/link.txt --verbose=1
/apps/spack/scholar/fall20/apps/gcc/6.3.0-gcc-4.8.5-234aoxy/bin/c++ CMakeFiles/cmTC_43f27.dir/src.cxx.o -o cmTC_43f27 
CMakeFiles/cmTC_43f27.dir/src.cxx.o: In function `main':
src.cxx:(.text+0x2d): undefined reference to `pthread_create'
src.cxx:(.text+0x39): undefined reference to `pthread_detach'
src.cxx:(.text+0x45): undefined reference to `pthread_cancel'
src.cxx:(.text+0x56): undefined reference to `pthread_join'
src.cxx:(.text+0x6a): undefined reference to `pthread_atfork'
/usr/bin/ld: link errors found, deleting executable `cmTC_43f27'
/usr/bin/sha1sum: cmTC_43f27: No such file or directory
collect2: error: ld returned 1 exit status
gmake[1]: *** [cmTC_43f27] Error 1
gmake[1]: Leaving directory `/home/chris241/695TA/solutions/ece695-s21-lab4/CMakeFiles/CMakeTmp'
gmake: *** [cmTC_43f27/fast] Error 2


Source file was:
#include <pthread.h>

static void* test_func(void* data)
{
  return data;
}

int main(void)
{
  pthread_t thread;
  pthread_create(&thread, NULL, test_func, NULL);
  pthread_detach(thread);
  pthread_cancel(thread);
  pthread_join(thread, NULL);
  pthread_atfork(NULL, NULL, NULL);
  pthread_exit(NULL);

  return 0;
}

Determining if the function pthread_create exists in the pthreads failed with the following output:
Change Dir: /home/chris241/695TA/solutions/ece695-s21-lab4/CMakeFiles/CMakeTmp

Run Build Command(s):/usr/bin/gmake -f Makefile cmTC_33622/fast && /usr/bin/gmake  -f CMakeFiles/cmTC_33622.dir/build.make CMakeFiles/cmTC_33622.dir/build
gmake[1]: Entering directory `/home/chris241/695TA/solutions/ece695-s21-lab4/CMakeFiles/CMakeTmp'
Building CXX object CMakeFiles/cmTC_33622.dir/CheckFunctionExists.cxx.o
/apps/spack/scholar/fall20/apps/gcc/6.3.0-gcc-4.8.5-234aoxy/bin/c++   -DCHECK_FUNCTION_EXISTS=pthread_create -o CMakeFiles/cmTC_33622.dir/CheckFunctionExists.cxx.o -c /home/chris241/695TA/solutions/ece695-s21-lab4/CMakeFiles/CheckLibraryExists/CheckFunctionExists.cxx
Linking CXX executable cmTC_33622
/apps/spack/scholar/fall20/apps/cmake/3.20.6-gcc-4.8.5-ezq6lqr/bin/cmake -E cmake_link_script CMakeFiles/cmTC_33622.dir/link.txt --verbose=1
/apps/spack/scholar/fall20/apps/gcc/6.3.0-gcc-4.8.5-234aoxy/bin/c++  -DCHECK_FUNCTION_EXISTS=pthread_create CMakeFiles/cmTC_33622.dir/CheckFunctionExists.cxx.o -o cmTC_33622  -lpthreads 
/usr/bin/ld: cannot find -lpthreads
/usr/bin/sha1sum: cmTC_33622: No such file or directory
collect2: error: ld returned 1 exit status
gmake[1]: *** [cmTC_33622] Error 1
gmake[1]: Leaving directory `/home/chris241/695TA/solutions/ece695-s21-lab4/CMakeFiles/CMakeTmp'
gmake: *** [cmTC_33622/fast] Error 2



Performing C++ SOURCE FILE Test CMAKE_HAVE_LIBC_PTHREAD failed with the following output:
Change Dir: /home/chris241/695TA/solutions/60827_assignment4/CMakeFiles/CMakeTmp

Run Build Command(s):/usr/bin/gmake -f Makefile cmTC_99adb/fast && /usr/bin/gmake  -f CMakeFiles/cmTC_99adb.dir/build.make CMakeFiles/cmTC_99adb.dir/build
gmake[1]: Entering directory `/home/chris241/695TA/solutions/60827_assignment4/CMakeFiles/CMakeTmp'
Building CXX object CMakeFiles/cmTC_99adb.dir/src.cxx.o
/apps/spack/scholar/fall20/apps/gcc/6.3.0-gcc-4.8.5-234aoxy/bin/c++ -DCMAKE_HAVE_LIBC_PTHREAD   -o CMakeFiles/cmTC_99adb.dir/src.cxx.o -c /home/chris241/695TA/solutions/60827_assignment4/CMakeFiles/CMakeTmp/src.cxx
Linking CXX executable cmTC_99adb
/apps/spack/scholar/fall20/apps/cmake/3.20.6-gcc-4.8.5-ezq6lqr/bin/cmake -E cmake_link_script CMakeFiles/cmTC_99adb.dir/link.txt --verbose=1
/apps/spack/scholar/fall20/apps/gcc/6.3.0-gcc-4.8.5-234aoxy/bin/c++ CMakeFiles/cmTC_99adb.dir/src.cxx.o -o cmTC_99adb 
CMakeFiles/cmTC_99adb.dir/src.cxx.o: In function `main':
src.cxx:(.text+0x2d): undefined reference to `pthread_create'
src.cxx:(.text+0x39): undefined reference to `pthread_detach'
src.cxx:(.text+0x45): undefined reference to `pthread_cancel'
src.cxx:(.text+0x56): undefined reference to `pthread_join'
src.cxx:(.text+0x6a): undefined reference to `pthread_atfork'
/usr/bin/ld: link errors found, deleting executable `cmTC_99adb'
/usr/bin/sha1sum: cmTC_99adb: No such file or directory
collect2: error: ld returned 1 exit status
gmake[1]: *** [cmTC_99adb] Error 1
gmake[1]: Leaving directory `/home/chris241/695TA/solutions/60827_assignment4/CMakeFiles/CMakeTmp'
gmake: *** [cmTC_99adb/fast] Error 2


Source file was:
#include <pthread.h>

static void* test_func(void* data)
{
  return data;
}

int main(void)
{
  pthread_t thread;
  pthread_create(&thread, NULL, test_func, NULL);
  pthread_detach(thread);
  pthread_cancel(thread);
  pthread_join(thread, NULL);
  pthread_atfork(NULL, NULL, NULL);
  pthread_exit(NULL);

  return 0;
}

Determining if the function pthread_create exists in the pthreads failed with the following output:
Change Dir: /home/chris241/695TA/solutions/60827_assignment4/CMakeFiles/CMakeTmp

Run Build Command(s):/usr/bin/gmake -f Makefile cmTC_0735a/fast && /usr/bin/gmake  -f CMakeFiles/cmTC_0735a.dir/build.make CMakeFiles/cmTC_0735a.dir/build
gmake[1]: Entering directory `/home/chris241/695TA/solutions/60827_assignment4/CMakeFiles/CMakeTmp'
Building CXX object CMakeFiles/cmTC_0735a.dir/CheckFunctionExists.cxx.o
/apps/spack/scholar/fall20/apps/gcc/6.3.0-gcc-4.8.5-234aoxy/bin/c++   -DCHECK_FUNCTION_EXISTS=pthread_create -o CMakeFiles/cmTC_0735a.dir/CheckFunctionExists.cxx.o -c /home/chris241/695TA/solutions/60827_assignment4/CMakeFiles/CheckLibraryExists/CheckFunctionExists.cxx
Linking CXX executable cmTC_0735a
/apps/spack/scholar/fall20/apps/cmake/3.20.6-gcc-4.8.5-ezq6lqr/bin/cmake -E cmake_link_script CMakeFiles/cmTC_0735a.dir/link.txt --verbose=1
/apps/spack/scholar/fall20/apps/gcc/6.3.0-gcc-4.8.5-234aoxy/bin/c++  -DCHECK_FUNCTION_EXISTS=pthread_create CMakeFiles/cmTC_0735a.dir/CheckFunctionExists.cxx.o -o cmTC_0735a  -lpthreads 
/usr/bin/ld: cannot find -lpthreads
/usr/bin/sha1sum: cmTC_0735a: No such file or directory
collect2: error: ld returned 1 exit status
gmake[1]: *** [cmTC_0735a] Error 1
gmake[1]: Leaving directory `/home/chris241/695TA/solutions/60827_assignment4/CMakeFiles/CMakeTmp'
gmake: *** [cmTC_0735a/fast] Error 2



